<?xml version="1.0" encoding="UTF-8"?>
<testsuites name="TestCaseResult" time="9" tests="0" failures="0" errors="1">
   <testsuite name="TestCaseResult" tests="0" failures="0" errors="1" time="9" timestamp="2018-07-03 17:15:40" hostname="charleychen - CNCDUW0045.aaxischina.net" id="Test Suites/TestCaseResult">
      <properties>
         <property name="deviceName" value=""/>
         <property name="devicePlatform" value=""/>
         <property name="logFolder" value="D:\\Entel\\automation\\katalon-studio-official-resources\\Reports\\TestCaseResult\\20180703_171536"/>
         <property name="logFiles" value="D:\\Entel\\automation\\katalon-studio-official-resources\\Reports\\TestCaseResult\\20180703_171536\\execution0.log"/>
         <property name="attachments" value=""/>
         <property name="hostName" value="charleychen - CNCDUW0045.aaxischina.net"/>
         <property name="os" value="Windows 7 64bit"/>
         <property name="katalonVersion" value="5.4.2.1"/>
         <property name="browser" value="Chrome 67.0.3396.99"/>
         <property name="hostAddress" value="169.254.193.76"/>
         <property name="sessionId" value="4092f7a603ac2a998ed8e60976ca502d"/>
         <property name="seleniumVersion" value="3.7.1"/>
         <property name="proxyInformation" value="ProxyInformation{proxyOption=USE_SYSTEM, proxyServerType=HTTP, password=, proxyServerAddress=, proxyServerPort=0}"/>
         <property name="platform" value="Windows 7"/>
      </properties>
      <testcase name="Test Cases/Forum/Mark test status for a Custom Keyword" classname="Test Cases/Forum/Mark test status for a Custom Keyword" status="ERROR">
         <error type="ERROR" message="Test Cases/Forum/Mark test status for a Custom Keyword FAILED because (of) java.lang.NullPointerException"/>
         <system-out><![CDATA[2018-07-03 17:15:41 - [TEST_CASE][ERROR] - Test Cases/Forum/Mark test status for a Custom Keyword: Test Cases/Forum/Mark test status for a Custom Keyword FAILED because (of) java.lang.NullPointerException

2018-07-03 17:15:41 - [TEST_STEP][PASSED] - Start listener action : sampleBeforeTestCase: Invoke 'com.kms.katalon.core.annotation.BeforeTestCase' method: 'ProxySetting.sampleBeforeTestCase(...)' completed.

2018-07-03 17:15:41 - [TEST_STEP][PASSED] - Statement - println(testCaseContext.getTestCaseId()): null

2018-07-03 17:15:41 - [TEST_STEP][PASSED] - Statement - println(testCaseContext.getTestCaseVariables()): Invoke 'com.kms.katalon.core.annotation.BeforeTestCase' method: 'ProxySetting.sampleBeforeTestCase(...)' completed.

2018-07-03 17:15:41 - [TEST_STEP][PASSED] - openBrowser: Browser is opened with url: 'http://www.baidu.com'

2018-07-03 17:15:48 - [MESSAGE][PASSED] - Browser is opened with url: 'http://www.baidu.com'

2018-07-03 17:15:48 - [TEST_STEP][PASSED] - Statement - to = com.kms.katalon.core.testobject.ObjectRepository.findTestObject(findTestObject('Object Repository/Forum/btn_GoogleSearch')): Test object with id 'Object Repository/findTestObject('Object Repository/Forum/btn_GoogleSearch')' does not exist

2018-07-03 17:15:48 - [MESSAGE][WARNING] - Test object with id 'Object Repository/findTestObject('Object Repository/Forum/btn_GoogleSearch')' does not exist

2018-07-03 17:15:48 - [TEST_STEP][ERROR] - forum.VerifyElementPresent.isElementPresent: 

2018-07-03 17:15:48 - [MESSAGE][ERROR] - 

2018-07-03 17:15:48 - [TEST_STEP][PASSED] - Start listener action : sampleAfterTestCase: Invoke 'com.kms.katalon.core.annotation.AfterTestCase' method: 'ProxySetting.sampleAfterTestCase(...)' completed.

2018-07-03 17:15:48 - [TEST_STEP][PASSED] - Statement - println(testCaseContext.getTestCaseId()): null

2018-07-03 17:15:48 - [TEST_STEP][PASSED] - Statement - println(testCaseContext.getTestCaseStatus()): Invoke 'com.kms.katalon.core.annotation.AfterTestCase' method: 'ProxySetting.sampleAfterTestCase(...)' completed.]]></system-out>
         <system-err><![CDATA[2018-07-03 17:15:41 - [TEST_CASE][ERROR] - Test Cases/Forum/Mark test status for a Custom Keyword: Test Cases/Forum/Mark test status for a Custom Keyword FAILED because (of) java.lang.NullPointerException]]></system-err>
      </testcase>
      <system-out><![CDATA[2018-07-03 17:15:40 - [TEST_SUITE][ERROR] - TestCaseResult: Test Cases/Forum/Mark test status for a Custom Keyword FAILED because (of) java.lang.NullPointerException]]></system-out>
      <system-err><![CDATA[2018-07-03 17:15:40 - [TEST_SUITE][ERROR] - TestCaseResult: Test Cases/Forum/Mark test status for a Custom Keyword FAILED because (of) java.lang.NullPointerException]]></system-err>
   </testsuite>
</testsuites>
